2018/02/11 23:57:35 にビルドを開始しました。
     1>ノード 4 上のプロジェクト "C:\Users\URYYY\Desktop\2018\AkemiHomura\brynhildr\brynhildr.vcxproj" (build ターゲット)。
     1>InitializeBuildStatus:
         "AlwaysCreate" が指定されたため "Release\brynhildr.unsuccessfulbuild" を作成しています。
       ClCompile:
         C:\Program Files (x86)\Microsoft Visual Studio 10.0\VC\bin\CL.exe /c /Zi /nologo /W3 /WX- /O2 /Oi /Oy- /GL /D WIN32 /D NDEBUG /D _CONSOLE /D _UNICODE /D UNICODE /Gm- /EHsc /MD /GS /Gy /fp:precise /Zc:wchar_t /Zc:forScope /Fo"Release\\" /Fd"Release\vc100.pdb" /Gd /TP /analyze- /errorReport:prompt ..\AkemiHomura\brynhildr.cpp
         brynhildr.cpp
     1>..\AkemiHomura\brynhildr.cpp(83): warning C4996: 'sprintf': This function or variable may be unsafe. Consider using sprintf_s instead. To disable deprecation, use _CRT_SECURE_NO_WARNINGS. See online help for details.
                 C:\Program Files (x86)\Microsoft Visual Studio 10.0\VC\include\stdio.h(371) : 'sprintf' の宣言を確認してください。
     1>..\AkemiHomura\brynhildr.cpp(98): warning C4996: 'sprintf': This function or variable may be unsafe. Consider using sprintf_s instead. To disable deprecation, use _CRT_SECURE_NO_WARNINGS. See online help for details.
                 C:\Program Files (x86)\Microsoft Visual Studio 10.0\VC\include\stdio.h(371) : 'sprintf' の宣言を確認してください。
     1>..\AkemiHomura\brynhildr.cpp(115): warning C4996: 'sprintf': This function or variable may be unsafe. Consider using sprintf_s instead. To disable deprecation, use _CRT_SECURE_NO_WARNINGS. See online help for details.
                 C:\Program Files (x86)\Microsoft Visual Studio 10.0\VC\include\stdio.h(371) : 'sprintf' の宣言を確認してください。
       Lib:
         C:\Program Files (x86)\Microsoft Visual Studio 10.0\VC\bin\Lib.exe /OUT:"C:\Users\URYYY\Desktop\2018\AkemiHomura\Release\brynhildr.lib" /NOLOGO /LTCG Release\brynhildr.obj
         brynhildr.vcxproj -> C:\Users\URYYY\Desktop\2018\AkemiHomura\Release\brynhildr.lib
       FinalizeBuildStatus:
         ファイル "Release\brynhildr.unsuccessfulbuild" を削除しています。
         "Release\brynhildr.lastbuildstate" のタッチ タスクを実行しています。
     1>プロジェクト "C:\Users\URYYY\Desktop\2018\AkemiHomura\brynhildr\brynhildr.vcxproj" (build ターゲット) のビルドが完了しました。

ビルドに成功しました。

経過時間 00:00:00.82
